0 info it worked if it ends with ok
1 verbose cli [ '/home/crazyhorse/CodeWork/NodeJs/node-v6.10.3-linux-x64/bin/node',
1 verbose cli   '/home/crazyhorse/CodeWork/NodeJs/node-v6.10.3-linux-x64/bin/npm',
1 verbose cli   'install',
1 verbose cli   '--save',
1 verbose cli   'redux' ]
2 info using npm@3.10.10
3 info using node@v6.10.3
4 silly loadCurrentTree Starting
5 silly install loadCurrentTree
6 silly install readLocalPackageData
7 silly fetchPackageMetaData redux
8 silly fetchNamedPackageData redux
9 silly mapToRegistry name redux
10 silly mapToRegistry using default registry
11 silly mapToRegistry registry https://registry.npmjs.org/
12 silly mapToRegistry data Result {
12 silly mapToRegistry   raw: 'redux',
12 silly mapToRegistry   scope: null,
12 silly mapToRegistry   escapedName: 'redux',
12 silly mapToRegistry   name: 'redux',
12 silly mapToRegistry   rawSpec: '',
12 silly mapToRegistry   spec: 'latest',
12 silly mapToRegistry   type: 'tag' }
13 silly mapToRegistry uri https://registry.npmjs.org/redux
14 verbose request uri https://registry.npmjs.org/redux
15 verbose request no auth needed
16 info attempt registry request try #1 at 21:52:44
17 verbose request id 9ffb24e7b89cb7b8
18 http request GET https://registry.npmjs.org/redux
19 http 200 https://registry.npmjs.org/redux
20 verbose headers { server: 'nginx/1.10.1',
20 verbose headers   'content-type': 'application/json',
20 verbose headers   'last-modified': 'Wed, 28 Jun 2017 07:21:32 GMT',
20 verbose headers   etag: 'W/"595358fc-2778a"',
20 verbose headers   'content-encoding': 'gzip',
20 verbose headers   'cache-control': 'max-age=300',
20 verbose headers   'content-length': '17576',
20 verbose headers   'accept-ranges': 'bytes',
20 verbose headers   date: 'Wed, 28 Jun 2017 13:53:19 GMT',
20 verbose headers   via: '1.1 varnish',
20 verbose headers   age: '140',
20 verbose headers   connection: 'keep-alive',
20 verbose headers   'x-served-by': 'cache-nrt6123-NRT',
20 verbose headers   'x-cache': 'HIT',
20 verbose headers   'x-cache-hits': '8',
20 verbose headers   'x-timer': 'S1498658000.772445,VS0,VE0',
20 verbose headers   vary: 'Accept-Encoding' }
21 silly get cb [ 200,
21 silly get   { server: 'nginx/1.10.1',
21 silly get     'content-type': 'application/json',
21 silly get     'last-modified': 'Wed, 28 Jun 2017 07:21:32 GMT',
21 silly get     etag: 'W/"595358fc-2778a"',
21 silly get     'content-encoding': 'gzip',
21 silly get     'cache-control': 'max-age=300',
21 silly get     'content-length': '17576',
21 silly get     'accept-ranges': 'bytes',
21 silly get     date: 'Wed, 28 Jun 2017 13:53:19 GMT',
21 silly get     via: '1.1 varnish',
21 silly get     age: '140',
21 silly get     connection: 'keep-alive',
21 silly get     'x-served-by': 'cache-nrt6123-NRT',
21 silly get     'x-cache': 'HIT',
21 silly get     'x-cache-hits': '8',
21 silly get     'x-timer': 'S1498658000.772445,VS0,VE0',
21 silly get     vary: 'Accept-Encoding' } ]
22 verbose get saving redux to /home/crazyhorse/.npm/registry.npmjs.org/redux/.cache.json
23 verbose correctMkdir /home/crazyhorse/.npm correctMkdir not in flight; initializing
24 silly install normalizeTree
25 silly loadCurrentTree Finishing
26 silly loadIdealTree Starting
27 silly install loadIdealTree
28 silly cloneCurrentTree Starting
29 silly install cloneCurrentTreeToIdealTree
30 silly cloneCurrentTree Finishing
31 silly loadShrinkwrap Starting
32 silly install loadShrinkwrap
33 silly loadShrinkwrap Finishing
34 silly loadAllDepsIntoIdealTree Starting
35 silly install loadAllDepsIntoIdealTree
36 silly resolveWithNewModule redux@3.7.1 checking installable status
37 silly cache add args [ 'redux', null ]
38 verbose cache add spec redux
39 silly cache add parsed spec Result {
39 silly cache add   raw: 'redux',
39 silly cache add   scope: null,
39 silly cache add   escapedName: 'redux',
39 silly cache add   name: 'redux',
39 silly cache add   rawSpec: '',
39 silly cache add   spec: 'latest',
39 silly cache add   type: 'tag' }
40 silly addNamed redux@latest
41 verbose addNamed "latest" is being treated as a dist-tag for redux
42 info addNameTag [ 'redux', 'latest' ]
43 silly mapToRegistry name redux
44 silly mapToRegistry using default registry
45 silly mapToRegistry registry https://registry.npmjs.org/
46 silly mapToRegistry data Result {
46 silly mapToRegistry   raw: 'redux',
46 silly mapToRegistry   scope: null,
46 silly mapToRegistry   escapedName: 'redux',
46 silly mapToRegistry   name: 'redux',
46 silly mapToRegistry   rawSpec: '',
46 silly mapToRegistry   spec: 'latest',
46 silly mapToRegistry   type: 'tag' }
47 silly mapToRegistry uri https://registry.npmjs.org/redux
48 verbose addNameTag registry:https://registry.npmjs.org/redux not in flight; fetching
49 verbose get https://registry.npmjs.org/redux not expired, no request
50 silly addNameTag next cb for redux with tag latest
51 silly addNamed redux@3.7.1
52 verbose addNamed "3.7.1" is a plain semver version for redux
53 silly mapToRegistry name redux
54 silly mapToRegistry using default registry
55 silly mapToRegistry registry https://registry.npmjs.org/
56 silly mapToRegistry data Result {
56 silly mapToRegistry   raw: 'redux',
56 silly mapToRegistry   scope: null,
56 silly mapToRegistry   escapedName: 'redux',
56 silly mapToRegistry   name: 'redux',
56 silly mapToRegistry   rawSpec: '',
56 silly mapToRegistry   spec: 'latest',
56 silly mapToRegistry   type: 'tag' }
57 silly mapToRegistry uri https://registry.npmjs.org/redux
58 verbose addRemoteTarball https://registry.npmjs.org/redux/-/redux-3.7.1.tgz not in flight; adding
59 verbose addRemoteTarball [ 'https://registry.npmjs.org/redux/-/redux-3.7.1.tgz',
59 verbose addRemoteTarball   'bfc535c757d3849562ead0af18ac52122cd7268e' ]
60 info retry fetch attempt 1 at 21:53:20
61 info attempt registry request try #1 at 21:53:20
62 http fetch GET https://registry.npmjs.org/redux/-/redux-3.7.1.tgz
63 http fetch 200 https://registry.npmjs.org/redux/-/redux-3.7.1.tgz
64 silly fetchAndShaCheck shasum bfc535c757d3849562ead0af18ac52122cd7268e
65 verbose addTmpTarball /tmp/npm-3973-6f18d3a0/registry.npmjs.org/redux/-/redux-3.7.1.tgz not in flight; adding
66 verbose addTmpTarball already have metadata; skipping unpack for redux@3.7.1
67 verbose correctMkdir /home/crazyhorse/.npm correctMkdir not in flight; initializing
68 silly cache afterAdd redux@3.7.1
69 verbose afterAdd /home/crazyhorse/.npm/redux/3.7.1/package/package.json not in flight; writing
70 verbose correctMkdir /home/crazyhorse/.npm correctMkdir not in flight; initializing
71 verbose afterAdd /home/crazyhorse/.npm/redux/3.7.1/package/package.json written
72 silly fetchNamedPackageData lodash-es
73 silly mapToRegistry name lodash-es
74 silly mapToRegistry using default registry
75 silly mapToRegistry registry https://registry.npmjs.org/
76 silly mapToRegistry data Result {
76 silly mapToRegistry   raw: 'lodash-es',
76 silly mapToRegistry   scope: null,
76 silly mapToRegistry   escapedName: 'lodash-es',
76 silly mapToRegistry   name: 'lodash-es',
76 silly mapToRegistry   rawSpec: '',
76 silly mapToRegistry   spec: 'latest',
76 silly mapToRegistry   type: 'tag' }
77 silly mapToRegistry uri https://registry.npmjs.org/lodash-es
78 silly fetchNamedPackageData symbol-observable
79 silly mapToRegistry name symbol-observable
80 silly mapToRegistry using default registry
81 silly mapToRegistry registry https://registry.npmjs.org/
82 silly mapToRegistry data Result {
82 silly mapToRegistry   raw: 'symbol-observable',
82 silly mapToRegistry   scope: null,
82 silly mapToRegistry   escapedName: 'symbol-observable',
82 silly mapToRegistry   name: 'symbol-observable',
82 silly mapToRegistry   rawSpec: '',
82 silly mapToRegistry   spec: 'latest',
82 silly mapToRegistry   type: 'tag' }
83 silly mapToRegistry uri https://registry.npmjs.org/symbol-observable
84 verbose request uri https://registry.npmjs.org/lodash-es
85 verbose request no auth needed
86 info attempt registry request try #1 at 21:53:20
87 http request GET https://registry.npmjs.org/lodash-es
88 verbose request uri https://registry.npmjs.org/symbol-observable
89 verbose request no auth needed
90 info attempt registry request try #1 at 21:53:20
91 http request GET https://registry.npmjs.org/symbol-observable
92 http 200 https://registry.npmjs.org/lodash-es
93 verbose headers { server: 'nginx/1.10.1',
93 verbose headers   'content-type': 'application/json',
93 verbose headers   'last-modified': 'Sun, 28 May 2017 16:58:48 GMT',
93 verbose headers   etag: 'W/"592b01c8-1593a"',
93 verbose headers   'content-encoding': 'gzip',
93 verbose headers   'cache-control': 'max-age=300',
93 verbose headers   'content-length': '6086',
93 verbose headers   'accept-ranges': 'bytes',
93 verbose headers   date: 'Wed, 28 Jun 2017 13:53:21 GMT',
93 verbose headers   via: '1.1 varnish',
93 verbose headers   age: '130',
93 verbose headers   connection: 'keep-alive',
93 verbose headers   'x-served-by': 'cache-nrt6123-NRT',
93 verbose headers   'x-cache': 'HIT',
93 verbose headers   'x-cache-hits': '1',
93 verbose headers   'x-timer': 'S1498658001.000152,VS0,VE0',
93 verbose headers   vary: 'Accept-Encoding' }
94 silly get cb [ 200,
94 silly get   { server: 'nginx/1.10.1',
94 silly get     'content-type': 'application/json',
94 silly get     'last-modified': 'Sun, 28 May 2017 16:58:48 GMT',
94 silly get     etag: 'W/"592b01c8-1593a"',
94 silly get     'content-encoding': 'gzip',
94 silly get     'cache-control': 'max-age=300',
94 silly get     'content-length': '6086',
94 silly get     'accept-ranges': 'bytes',
94 silly get     date: 'Wed, 28 Jun 2017 13:53:21 GMT',
94 silly get     via: '1.1 varnish',
94 silly get     age: '130',
94 silly get     connection: 'keep-alive',
94 silly get     'x-served-by': 'cache-nrt6123-NRT',
94 silly get     'x-cache': 'HIT',
94 silly get     'x-cache-hits': '1',
94 silly get     'x-timer': 'S1498658001.000152,VS0,VE0',
94 silly get     vary: 'Accept-Encoding' } ]
95 verbose get saving lodash-es to /home/crazyhorse/.npm/registry.npmjs.org/lodash-es/.cache.json
96 verbose correctMkdir /home/crazyhorse/.npm correctMkdir not in flight; initializing
97 silly resolveWithNewModule lodash-es@4.17.4 checking installable status
98 silly cache add args [ 'lodash-es@^4.2.1', null ]
99 verbose cache add spec lodash-es@^4.2.1
100 silly cache add parsed spec Result {
100 silly cache add   raw: 'lodash-es@^4.2.1',
100 silly cache add   scope: null,
100 silly cache add   escapedName: 'lodash-es',
100 silly cache add   name: 'lodash-es',
100 silly cache add   rawSpec: '^4.2.1',
100 silly cache add   spec: '>=4.2.1 <5.0.0',
100 silly cache add   type: 'range' }
101 silly addNamed lodash-es@>=4.2.1 <5.0.0
102 verbose addNamed ">=4.2.1 <5.0.0" is a valid semver range for lodash-es
103 silly addNameRange { name: 'lodash-es', range: '>=4.2.1 <5.0.0', hasData: false }
104 silly mapToRegistry name lodash-es
105 silly mapToRegistry using default registry
106 silly mapToRegistry registry https://registry.npmjs.org/
107 silly mapToRegistry data Result {
107 silly mapToRegistry   raw: 'lodash-es',
107 silly mapToRegistry   scope: null,
107 silly mapToRegistry   escapedName: 'lodash-es',
107 silly mapToRegistry   name: 'lodash-es',
107 silly mapToRegistry   rawSpec: '',
107 silly mapToRegistry   spec: 'latest',
107 silly mapToRegistry   type: 'tag' }
108 silly mapToRegistry uri https://registry.npmjs.org/lodash-es
109 verbose addNameRange registry:https://registry.npmjs.org/lodash-es not in flight; fetching
110 verbose get https://registry.npmjs.org/lodash-es not expired, no request
111 silly addNameRange number 2 { name: 'lodash-es', range: '>=4.2.1 <5.0.0', hasData: true }
112 silly addNameRange versions [ 'lodash-es',
112 silly addNameRange   [ '3.0.0',
112 silly addNameRange     '3.0.1',
112 silly addNameRange     '3.1.0',
112 silly addNameRange     '3.2.0',
112 silly addNameRange     '3.3.0',
112 silly addNameRange     '3.3.1',
112 silly addNameRange     '3.4.0',
112 silly addNameRange     '3.5.0',
112 silly addNameRange     '3.6.0',
112 silly addNameRange     '3.7.0',
112 silly addNameRange     '3.8.0',
112 silly addNameRange     '3.9.0',
112 silly addNameRange     '3.9.2',
112 silly addNameRange     '3.9.3',
112 silly addNameRange     '3.10.0',
112 silly addNameRange     '3.10.1',
112 silly addNameRange     '4.0.0',
112 silly addNameRange     '4.0.1',
112 silly addNameRange     '4.1.0',
112 silly addNameRange     '4.2.0',
112 silly addNameRange     '4.2.1',
112 silly addNameRange     '4.3.0',
112 silly addNameRange     '4.4.0',
112 silly addNameRange     '4.5.0',
112 silly addNameRange     '4.5.1',
112 silly addNameRange     '4.6.0',
112 silly addNameRange     '4.6.1',
112 silly addNameRange     '4.7.0',
112 silly addNameRange     '4.8.0',
112 silly addNameRange     '4.8.2',
112 silly addNameRange     '4.9.0',
112 silly addNameRange     '4.10.0',
112 silly addNameRange     '4.11.0',
112 silly addNameRange     '4.11.1',
112 silly addNameRange     '4.11.2',
112 silly addNameRange     '4.12.0',
112 silly addNameRange     '4.13.0',
112 silly addNameRange     '4.13.1',
112 silly addNameRange     '4.14.0',
112 silly addNameRange     '4.14.1',
112 silly addNameRange     '4.14.2',
112 silly addNameRange     '4.15.0',
112 silly addNameRange     '4.16.0',
112 silly addNameRange     '4.16.1',
112 silly addNameRange     '4.16.2',
112 silly addNameRange     '4.16.3',
112 silly addNameRange     '4.16.4',
112 silly addNameRange     '4.16.5',
112 silly addNameRange     '4.16.6',
112 silly addNameRange     '4.17.0',
112 silly addNameRange     '4.17.1',
112 silly addNameRange     '4.17.2',
112 silly addNameRange     '4.17.3',
112 silly addNameRange     '4.17.4' ] ]
113 silly addNamed lodash-es@4.17.4
114 verbose addNamed "4.17.4" is a plain semver version for lodash-es
115 silly mapToRegistry name lodash-es
116 silly mapToRegistry using default registry
117 silly mapToRegistry registry https://registry.npmjs.org/
118 silly mapToRegistry data Result {
118 silly mapToRegistry   raw: 'lodash-es',
118 silly mapToRegistry   scope: null,
118 silly mapToRegistry   escapedName: 'lodash-es',
118 silly mapToRegistry   name: 'lodash-es',
118 silly mapToRegistry   rawSpec: '',
118 silly mapToRegistry   spec: 'latest',
118 silly mapToRegistry   type: 'tag' }
119 silly mapToRegistry uri https://registry.npmjs.org/lodash-es
120 verbose addRemoteTarball https://registry.npmjs.org/lodash-es/-/lodash-es-4.17.4.tgz not in flight; adding
121 verbose addRemoteTarball [ 'https://registry.npmjs.org/lodash-es/-/lodash-es-4.17.4.tgz',
121 verbose addRemoteTarball   'dcc1d7552e150a0640073ba9cb31d70f032950e7' ]
122 info retry fetch attempt 1 at 21:53:21
123 info attempt registry request try #1 at 21:53:21
124 http fetch GET https://registry.npmjs.org/lodash-es/-/lodash-es-4.17.4.tgz
125 info retry will retry, error on last attempt: Error: read ECONNRESET
126 info attempt registry request try #2 at 21:57:20
127 http request GET https://registry.npmjs.org/symbol-observable
128 info retry will retry, error on last attempt: Error: connect ETIMEDOUT 151.101.72.162:443
129 info attempt registry request try #3 at 22:00:31
130 http request GET https://registry.npmjs.org/symbol-observable
131 silly fetchPackageMetaData Error: connect ETIMEDOUT 151.101.72.162:443
131 silly fetchPackageMetaData     at Object.exports._errnoException (util.js:1018:11)
131 silly fetchPackageMetaData     at exports._exceptionWithHostPort (util.js:1041:20)
131 silly fetchPackageMetaData     at TCPConnectWrap.afterConnect [as oncomplete] (net.js:1086:14)
131 silly fetchPackageMetaData  error for symbol-observable@^1.0.3 { Error: connect ETIMEDOUT 151.101.72.162:443
131 silly fetchPackageMetaData     at Object.exports._errnoException (util.js:1018:11)
131 silly fetchPackageMetaData     at exports._exceptionWithHostPort (util.js:1041:20)
131 silly fetchPackageMetaData     at TCPConnectWrap.afterConnect [as oncomplete] (net.js:1086:14)
131 silly fetchPackageMetaData   code: 'ETIMEDOUT',
131 silly fetchPackageMetaData   errno: 'ETIMEDOUT',
131 silly fetchPackageMetaData   syscall: 'connect',
131 silly fetchPackageMetaData   address: '151.101.72.162',
131 silly fetchPackageMetaData   port: 443 }
132 http fetch 200 https://registry.npmjs.org/lodash-es/-/lodash-es-4.17.4.tgz
133 silly fetchAndShaCheck shasum dcc1d7552e150a0640073ba9cb31d70f032950e7
134 verbose addTmpTarball /tmp/npm-3973-6f18d3a0/registry.npmjs.org/lodash-es/-/lodash-es-4.17.4.tgz not in flight; adding
135 verbose addTmpTarball already have metadata; skipping unpack for lodash-es@4.17.4
136 verbose correctMkdir /home/crazyhorse/.npm correctMkdir not in flight; initializing
137 silly cache afterAdd lodash-es@4.17.4
138 verbose afterAdd /home/crazyhorse/.npm/lodash-es/4.17.4/package/package.json not in flight; writing
139 verbose correctMkdir /home/crazyhorse/.npm correctMkdir not in flight; initializing
140 verbose afterAdd /home/crazyhorse/.npm/lodash-es/4.17.4/package/package.json written
141 silly rollbackFailedOptional Starting
142 silly rollbackFailedOptional Finishing
143 silly runTopLevelLifecycles Finishing
144 silly install printInstalled
145 verbose stack Error: connect ETIMEDOUT 151.101.72.162:443
145 verbose stack     at Object.exports._errnoException (util.js:1018:11)
145 verbose stack     at exports._exceptionWithHostPort (util.js:1041:20)
145 verbose stack     at TCPConnectWrap.afterConnect [as oncomplete] (net.js:1086:14)
146 verbose cwd /home/crazyhorse/CodeWork/GoWorkSpace/case/src/github.com/primefour/WebApp
147 error Linux 4.8.0-46-generic
148 error argv "/home/crazyhorse/CodeWork/NodeJs/node-v6.10.3-linux-x64/bin/node" "/home/crazyhorse/CodeWork/NodeJs/node-v6.10.3-linux-x64/bin/npm" "install" "--save" "redux"
149 error node v6.10.3
150 error npm  v3.10.10
151 error code ETIMEDOUT
152 error errno ETIMEDOUT
153 error syscall connect
154 error network connect ETIMEDOUT 151.101.72.162:443
155 error network This is most likely not a problem with npm itself
155 error network and is related to network connectivity.
155 error network In most cases you are behind a proxy or have bad network settings.
155 error network
155 error network If you are behind a proxy, please make sure that the
155 error network 'proxy' config is set properly.  See: 'npm help config'
156 verbose exit [ 1, true ]
